[Fri, 30 Dec 16 19:08:16 +0000][DEBUG] NULL
[Fri, 30 Dec 16 19:08:16 +0000][DEBUG] array (
  0 => 
  stdClass::__set_state(array(
     'created_time' => '2016-12-29T22:19:51+0000',
     'reviewer' => 
    stdClass::__set_state(array(
       'name' => 'Adam McMahon',
       'id' => '259501501136143',
    )),
     'rating' => 5,
  )),
)
[Fri, 27 Jan 17 19:10:21 +0530][DEBUG] NULL
[Fri, 27 Jan 17 19:10:22 +0530][DEBUG] NULL
[Fri, 27 Jan 17 19:10:23 +0530][DEBUG] NULL
[Fri, 27 Jan 17 19:10:24 +0530][DEBUG] array (
  0 => 
  stdClass::__set_state(array(
     'created_time' => '2016-11-03T20:48:43+0000',
     'reviewer' => 
    stdClass::__set_state(array(
       'name' => 'Wade Ober',
       'id' => '10103311489420528',
    )),
     'rating' => 5,
  )),
  1 => 
  stdClass::__set_state(array(
     'created_time' => '2016-10-17T22:39:43+0000',
     'reviewer' => 
    stdClass::__set_state(array(
       'name' => 'Kevin Stotz',
       'id' => '10154539664293954',
    )),
     'rating' => 1,
     'review_text' => 'this is what i think fd fdsa fdsfew wfw qfeqgre gre gre',
  )),
  2 => 
  stdClass::__set_state(array(
     'created_time' => '2016-10-11T18:15:32+0000',
     'reviewer' => 
    stdClass::__set_state(array(
       'name' => 'Gary Gipson',
       'id' => '752124908259052',
    )),
     'rating' => 5,
     'review_text' => 'Writing a test review so I can pull this bad boy in from the API',
  )),
)
[Fri, 27 Jan 17 19:10:25 +0530][DEBUG] array (
)
[Fri, 27 Jan 17 19:10:26 +0530][DEBUG] NULL
[Fri, 27 Jan 17 19:10:27 +0530][DEBUG] array (
)
[Fri, 27 Jan 17 19:10:28 +0530][DEBUG] NULL
[Fri, 27 Jan 17 19:10:29 +0530][DEBUG] NULL
[Fri, 27 Jan 17 19:10:29 +0530][DEBUG] array (
)
[Fri, 27 Jan 17 19:10:30 +0530][DEBUG] NULL
[Fri, 27 Jan 17 19:10:32 +0530][DEBUG] NULL
[Fri, 27 Jan 17 19:10:33 +0530][DEBUG] NULL
[Fri, 27 Jan 17 19:10:34 +0530][DEBUG] NULL
[Fri, 27 Jan 17 19:10:35 +0530][DEBUG] NULL
[Fri, 27 Jan 17 19:10:36 +0530][DEBUG] NULL
[Fri, 27 Jan 17 19:10:37 +0530][DEBUG] NULL
[Fri, 27 Jan 17 19:24:28 +0530][DEBUG] NULL
[Fri, 27 Jan 17 19:24:29 +0530][DEBUG] NULL
[Fri, 27 Jan 17 19:24:30 +0530][DEBUG] NULL
[Fri, 27 Jan 17 19:24:31 +0530][DEBUG] array (
  0 => 
  stdClass::__set_state(array(
     'created_time' => '2016-11-03T20:48:43+0000',
     'reviewer' => 
    stdClass::__set_state(array(
       'name' => 'Wade Ober',
       'id' => '10103311489420528',
    )),
     'rating' => 5,
  )),
  1 => 
  stdClass::__set_state(array(
     'created_time' => '2016-10-17T22:39:43+0000',
     'reviewer' => 
    stdClass::__set_state(array(
       'name' => 'Kevin Stotz',
       'id' => '10154539664293954',
    )),
     'rating' => 1,
     'review_text' => 'this is what i think fd fdsa fdsfew wfw qfeqgre gre gre',
  )),
  2 => 
  stdClass::__set_state(array(
     'created_time' => '2016-10-11T18:15:32+0000',
     'reviewer' => 
    stdClass::__set_state(array(
       'name' => 'Gary Gipson',
       'id' => '752124908259052',
    )),
     'rating' => 5,
     'review_text' => 'Writing a test review so I can pull this bad boy in from the API',
  )),
)
[Fri, 27 Jan 17 19:24:32 +0530][DEBUG] array (
)
[Fri, 27 Jan 17 19:24:33 +0530][DEBUG] NULL
[Fri, 27 Jan 17 19:24:34 +0530][DEBUG] array (
)
[Fri, 27 Jan 17 19:24:35 +0530][DEBUG] NULL
[Fri, 27 Jan 17 19:24:36 +0530][DEBUG] NULL
[Fri, 27 Jan 17 19:24:37 +0530][DEBUG] array (
)
[Fri, 27 Jan 17 19:24:38 +0530][DEBUG] NULL
[Fri, 27 Jan 17 19:24:39 +0530][DEBUG] NULL
[Fri, 27 Jan 17 19:24:40 +0530][DEBUG] NULL
[Fri, 27 Jan 17 19:24:41 +0530][DEBUG] NULL
[Fri, 27 Jan 17 19:24:42 +0530][DEBUG] NULL
[Fri, 27 Jan 17 19:24:43 +0530][DEBUG] NULL
[Fri, 27 Jan 17 19:24:44 +0530][DEBUG] NULL
